{"content": {"suites": {"0": {"status": {"total_pass": 0, "total_skip": 0, "total_xpass": 0, "total_xfail": 0, "total_rerun": 0, "total_fail": 2, "total_error": 0}, "tests": {"0": {"status": "FAIL", "message": "                                FileNotFoundError: [WinError 2] The system cannot find the file specified\n                   selenium.common.exceptions.WebDriverException: Message: 'msedgedriver' executable needs to be in PATH. Please download from https://developer.microsoft.com/en-us/microsoft-edge/tools/webdriver/\n", "test_name": "test_b", "rerun": "0"}, "1": {"status": "FAIL", "message": "   selenium.common.exceptions.SessionNotCreatedException: Message: session not created: This version of ChromeDriver only supports Chrome version 123\n   Current browser version is 129.0.6668.90 with binary path C:\\Program Files\\Google\\Chrome\\Application\\chrome.exe\n   Stacktrace:\n   \tGetHandleVerifier [0x00007FF76F7570C2+63090]\n   \t(No symbol) [0x00007FF76F6C2D12]\n   \t(No symbol) [0x00007FF76F55EC65]\n   \t(No symbol) [0x00007FF76F5954C2]\n   \t(No symbol) [0x00007FF76F5948CF]\n   \t(No symbol) [0x00007FF76F58E8C5]\n   \t(No symbol) [0x00007FF76F58B2F4]\n   \t(No symbol) [0x00007FF76F5D0BFB]\n   \t(No symbol) [0x00007FF76F5D0830]\n   \t(No symbol) [0x00007FF76F5C6D83]\n   \t(No symbol) [0x00007FF76F5983A8]\n   \t(No symbol) [0x00007FF76F599441]\n   \tGetHandleVerifier [0x00007FF76FB5262D+4238301]\n   \tGetHandleVerifier [0x00007FF76FB8F78D+4488509]\n   \tGetHandleVerifier [0x00007FF76FB87A6F+4456479]\n   \tGetHandleVerifier [0x00007FF76F830606+953270]\n   \t(No symbol) [0x00007FF76F6CE5DF]\n   \t(No symbol) [0x00007FF76F6C92B4]\n   \t(No symbol) [0x00007FF76F6C93EB]\n   \t(No symbol) [0x00007FF76F6B9C24]\n   \tBaseThreadInitThunk [0x00007FF97C2D7344+20]\n   \tRtlUserThreadStart [0x00007FF97C4C26B1+33]\n", "test_name": "test_a", "rerun": "0"}}, "suite_name": "test_pytest_demos5.py"}}}, "date": "October 11, 2024", "start_time": 1728623113.426927, "total_suite": 1, "status": "FAIL", "status_list": {"pass": "0", "fail": "2", "skip": "0", "error": "0", "xpass": "0", "xfail": "0", "rerun": "0"}, "total_tests": "2"}