{"uid":"20c56ec4646526ca","name":"User logs in with valid credentials","fullName":"login functionality: User logs in with valid credentials","historyId":"92e0ff42c53e910eea45d3ad5eccc404","time":{"start":1728969443840,"stop":1728969474766,"duration":30926},"status":"broken","statusMessage":"selenium.common.exceptions.NoSuchElementException: Message: no such element: Unable to locate element: {\"method\":\"xpath\",\"selector\":\"//h4\"}\n  (Session info: chrome=129.0.6668.90)\nStacktrace:\n\tGetHandleVerifier [0x00EB5523+24195]\n\t(No symbol) [0x00E4AA04]\n\t(No symbol) [0x00D42093]\n\t(No symbol) [0x00D86ED2]\n\t(No symbol) [0x00D8711B]\n\t(No symbol) [0x00DC76F2]\n\t(No symbol) [0x00DAAB84]\n\t(No symbol) [0x00DC5280]\n\t(No symbol) [0x00DAA8D6]\n\t(No symbol) [0x00D7BA27]\n\t(No symbol) [0x00D7C43D]\n\tGetHandleVerifier [0x0117CE13+2938739]\n\tGetHandleVerifier [0x011CEC69+3274185]\n\tGetHandleVerifier [0x00F409C2+594722]\n\tGetHandleVerifier [0x00F47EDC+624700]\n\t(No symbol) [0x00E537CD]\n\t(No symbol) [0x00E50528]\n\t(No symbol) [0x00E506C5]\n\t(No symbol) [0x00E42CA6]\n\tBaseThreadInitThunk [0x75EFFCC9+25]\n\tRtlGetAppContainerNamedObjectPath [0x77887C6E+286]\n\tRtlGetAppContainerNamedObjectPath [0x77887C3E+238]\n\n","statusTrace":"  File \"C:\\Python310\\lib\\site-packages\\behave\\model.py\", line 1329, in run\n    match.run(runner.context)\n  File \"C:\\Python310\\lib\\site-packages\\behave\\matchers.py\", line 98, in run\n    self.func(context, *args, **kwargs)\n  File \"features\\steps\\test_login.py\", line 43, in step_impl\n    assert \"Dashboard\" == context.driver.find_element(By.XPATH, \"//h4\").text\n  File \"C:\\Python310\\lib\\site-packages\\selenium\\webdriver\\remote\\webdriver.py\", line 856, in find_element\n    return self.execute(Command.FIND_ELEMENT, {\n  File \"C:\\Python310\\lib\\site-packages\\selenium\\webdriver\\remote\\webdriver.py\", line 434, in execute\n    self.error_handler.check_response(response)\n  File \"C:\\Python310\\lib\\site-packages\\selenium\\webdriver\\remote\\errorhandler.py\", line 243, in check_response\n    raise exception_class(message, screen, stacktrace)\n","flaky":false,"newFailed":false,"newBroken":false,"newPassed":false,"retriesCount":0,"retriesStatusChange":false,"beforeStages":[],"testStage":{"status":"broken","statusMessage":"selenium.common.exceptions.NoSuchElementException: Message: no such element: Unable to locate element: {\"method\":\"xpath\",\"selector\":\"//h4\"}\n  (Session info: chrome=129.0.6668.90)\nStacktrace:\n\tGetHandleVerifier [0x00EB5523+24195]\n\t(No symbol) [0x00E4AA04]\n\t(No symbol) [0x00D42093]\n\t(No symbol) [0x00D86ED2]\n\t(No symbol) [0x00D8711B]\n\t(No symbol) [0x00DC76F2]\n\t(No symbol) [0x00DAAB84]\n\t(No symbol) [0x00DC5280]\n\t(No symbol) [0x00DAA8D6]\n\t(No symbol) [0x00D7BA27]\n\t(No symbol) [0x00D7C43D]\n\tGetHandleVerifier [0x0117CE13+2938739]\n\tGetHandleVerifier [0x011CEC69+3274185]\n\tGetHandleVerifier [0x00F409C2+594722]\n\tGetHandleVerifier [0x00F47EDC+624700]\n\t(No symbol) [0x00E537CD]\n\t(No symbol) [0x00E50528]\n\t(No symbol) [0x00E506C5]\n\t(No symbol) [0x00E42CA6]\n\tBaseThreadInitThunk [0x75EFFCC9+25]\n\tRtlGetAppContainerNamedObjectPath [0x77887C6E+286]\n\tRtlGetAppContainerNamedObjectPath [0x77887C3E+238]\n\n","statusTrace":"  File \"C:\\Python310\\lib\\site-packages\\behave\\model.py\", line 1329, in run\n    match.run(runner.context)\n  File \"C:\\Python310\\lib\\site-packages\\behave\\matchers.py\", line 98, in run\n    self.func(context, *args, **kwargs)\n  File \"features\\steps\\test_login.py\", line 43, in step_impl\n    assert \"Dashboard\" == context.driver.find_element(By.XPATH, \"//h4\").text\n  File \"C:\\Python310\\lib\\site-packages\\selenium\\webdriver\\remote\\webdriver.py\", line 856, in find_element\n    return self.execute(Command.FIND_ELEMENT, {\n  File \"C:\\Python310\\lib\\site-packages\\selenium\\webdriver\\remote\\webdriver.py\", line 434, in execute\n    self.error_handler.check_response(response)\n  File \"C:\\Python310\\lib\\site-packages\\selenium\\webdriver\\remote\\errorhandler.py\", line 243, in check_response\n    raise exception_class(message, screen, stacktrace)\n","steps":[{"name":"Given the user is on the login page","time":{"start":1728969443841,"stop":1728969451019,"duration":7178},"status":"passed","steps":[{"name":"Given the user is on the login page","time":{"start":1728969443841,"stop":1728969451019,"duration":7178},"status":"passed","steps":[],"attachments":[{"uid":"636180eed13bc28c","name":"35554c18-a148-4437-a5cd-0a18b58962b4-attachment.attach","source":"636180eed13bc28c.attach","type":"text/plain","size":12},{"uid":"6a6bf39c20913bc1","name":"ff890529-3bb6-4ddb-9b26-24c37605346c-attachment.attach","source":"6a6bf39c20913bc1.attach","type":"text/plain","size":12}],"parameters":[],"attachmentsCount":2,"shouldDisplayMessage":false,"hasContent":true,"stepsCount":0,"attachmentStep":false}],"attachments":[],"parameters":[],"attachmentsCount":2,"shouldDisplayMessage":false,"hasContent":true,"stepsCount":1,"attachmentStep":false},{"name":"When the username is entered","time":{"start":1728969451019,"stop":1728969454106,"duration":3087},"status":"passed","steps":[{"name":"When the username is entered","time":{"start":1728969451019,"stop":1728969454106,"duration":3087},"status":"passed","steps":[],"attachments":[{"uid":"6bf29f4684b75cd","name":"137e9799-8b21-4a66-a314-06338213b884-attachment.attach","source":"6bf29f4684b75cd.attach","type":"text/plain","size":12},{"uid":"86ba5de9a55b0a41","name":"222b993e-bc27-407f-b112-58df71d4b539-attachment.attach","source":"86ba5de9a55b0a41.attach","type":"text/plain","size":12}],"parameters":[],"attachmentsCount":2,"shouldDisplayMessage":false,"hasContent":true,"stepsCount":0,"attachmentStep":false}],"attachments":[],"parameters":[],"attachmentsCount":2,"shouldDisplayMessage":false,"hasContent":true,"stepsCount":1,"attachmentStep":false},{"name":"And the password is entered","time":{"start":1728969454106,"stop":1728969457189,"duration":3083},"status":"passed","steps":[{"name":"And the password is entered","time":{"start":1728969454106,"stop":1728969457189,"duration":3083},"status":"passed","steps":[],"attachments":[],"parameters":[],"attachmentsCount":0,"shouldDisplayMessage":false,"hasContent":false,"stepsCount":0,"attachmentStep":false}],"attachments":[],"parameters":[],"attachmentsCount":0,"shouldDisplayMessage":false,"hasContent":true,"stepsCount":1,"attachmentStep":false},{"name":"And the login button is clicked","time":{"start":1728969457189,"stop":1728969461674,"duration":4485},"status":"passed","steps":[{"name":"And the login button is clicked","time":{"start":1728969457189,"stop":1728969461674,"duration":4485},"status":"passed","steps":[],"attachments":[{"uid":"424ddc8ea32d142c","name":"screenshot","source":"424ddc8ea32d142c.png","type":"image/png","size":6501},{"uid":"3724987d8e61ae4","name":"screenshot","source":"3724987d8e61ae4.png","type":"image/png","size":6501}],"parameters":[],"attachmentsCount":2,"shouldDisplayMessage":false,"hasContent":true,"stepsCount":0,"attachmentStep":false}],"attachments":[],"parameters":[],"attachmentsCount":2,"shouldDisplayMessage":false,"hasContent":true,"stepsCount":1,"attachmentStep":false},{"name":"Then the dashboard page is displayed","time":{"start":1728969461674,"stop":1728969474748,"duration":13074},"status":"broken","statusMessage":"selenium.common.exceptions.NoSuchElementException: Message: no such element: Unable to locate element: {\"method\":\"xpath\",\"selector\":\"//h4\"}\n  (Session info: chrome=129.0.6668.90)\nStacktrace:\n\tGetHandleVerifier [0x00EB5523+24195]\n\t(No symbol) [0x00E4AA04]\n\t(No symbol) [0x00D42093]\n\t(No symbol) [0x00D86ED2]\n\t(No symbol) [0x00D8711B]\n\t(No symbol) [0x00DC76F2]\n\t(No symbol) [0x00DAAB84]\n\t(No symbol) [0x00DC5280]\n\t(No symbol) [0x00DAA8D6]\n\t(No symbol) [0x00D7BA27]\n\t(No symbol) [0x00D7C43D]\n\tGetHandleVerifier [0x0117CE13+2938739]\n\tGetHandleVerifier [0x011CEC69+3274185]\n\tGetHandleVerifier [0x00F409C2+594722]\n\tGetHandleVerifier [0x00F47EDC+624700]\n\t(No symbol) [0x00E537CD]\n\t(No symbol) [0x00E50528]\n\t(No symbol) [0x00E506C5]\n\t(No symbol) [0x00E42CA6]\n\tBaseThreadInitThunk [0x75EFFCC9+25]\n\tRtlGetAppContainerNamedObjectPath [0x77887C6E+286]\n\tRtlGetAppContainerNamedObjectPath [0x77887C3E+238]\n\n","statusTrace":"  File \"C:\\Python310\\lib\\site-packages\\behave\\model.py\", line 1329, in run\n    match.run(runner.context)\n  File \"C:\\Python310\\lib\\site-packages\\behave\\matchers.py\", line 98, in run\n    self.func(context, *args, **kwargs)\n  File \"features\\steps\\test_login.py\", line 43, in step_impl\n    assert \"Dashboard\" == context.driver.find_element(By.XPATH, \"//h4\").text\n  File \"C:\\Python310\\lib\\site-packages\\selenium\\webdriver\\remote\\webdriver.py\", line 856, in find_element\n    return self.execute(Command.FIND_ELEMENT, {\n  File \"C:\\Python310\\lib\\site-packages\\selenium\\webdriver\\remote\\webdriver.py\", line 434, in execute\n    self.error_handler.check_response(response)\n  File \"C:\\Python310\\lib\\site-packages\\selenium\\webdriver\\remote\\errorhandler.py\", line 243, in check_response\n    raise exception_class(message, screen, stacktrace)\n","steps":[{"name":"Then the dashboard page is displayed","time":{"start":1728969461674,"stop":1728969474749,"duration":13075},"status":"broken","statusMessage":"selenium.common.exceptions.NoSuchElementException: Message: no such element: Unable to locate element: {\"method\":\"xpath\",\"selector\":\"//h4\"}\n  (Session info: chrome=129.0.6668.90)\nStacktrace:\n\tGetHandleVerifier [0x00EB5523+24195]\n\t(No symbol) [0x00E4AA04]\n\t(No symbol) [0x00D42093]\n\t(No symbol) [0x00D86ED2]\n\t(No symbol) [0x00D8711B]\n\t(No symbol) [0x00DC76F2]\n\t(No symbol) [0x00DAAB84]\n\t(No symbol) [0x00DC5280]\n\t(No symbol) [0x00DAA8D6]\n\t(No symbol) [0x00D7BA27]\n\t(No symbol) [0x00D7C43D]\n\tGetHandleVerifier [0x0117CE13+2938739]\n\tGetHandleVerifier [0x011CEC69+3274185]\n\tGetHandleVerifier [0x00F409C2+594722]\n\tGetHandleVerifier [0x00F47EDC+624700]\n\t(No symbol) [0x00E537CD]\n\t(No symbol) [0x00E50528]\n\t(No symbol) [0x00E506C5]\n\t(No symbol) [0x00E42CA6]\n\tBaseThreadInitThunk [0x75EFFCC9+25]\n\tRtlGetAppContainerNamedObjectPath [0x77887C6E+286]\n\tRtlGetAppContainerNamedObjectPath [0x77887C3E+238]\n\n","statusTrace":"  File \"C:\\Python310\\lib\\site-packages\\behave\\model.py\", line 1329, in run\n    match.run(runner.context)\n  File \"C:\\Python310\\lib\\site-packages\\behave\\matchers.py\", line 98, in run\n    self.func(context, *args, **kwargs)\n  File \"features\\steps\\test_login.py\", line 43, in step_impl\n    assert \"Dashboard\" == context.driver.find_element(By.XPATH, \"//h4\").text\n  File \"C:\\Python310\\lib\\site-packages\\selenium\\webdriver\\remote\\webdriver.py\", line 856, in find_element\n    return self.execute(Command.FIND_ELEMENT, {\n  File \"C:\\Python310\\lib\\site-packages\\selenium\\webdriver\\remote\\webdriver.py\", line 434, in execute\n    self.error_handler.check_response(response)\n  File \"C:\\Python310\\lib\\site-packages\\selenium\\webdriver\\remote\\errorhandler.py\", line 243, in check_response\n    raise exception_class(message, screen, stacktrace)\n","steps":[],"attachments":[],"parameters":[],"attachmentsCount":0,"shouldDisplayMessage":true,"hasContent":true,"stepsCount":0,"attachmentStep":false}],"attachments":[],"parameters":[],"attachmentsCount":0,"shouldDisplayMessage":false,"hasContent":true,"stepsCount":1,"attachmentStep":false}],"attachments":[],"parameters":[],"attachmentsCount":6,"shouldDisplayMessage":false,"hasContent":true,"stepsCount":10,"attachmentStep":false},"afterStages":[],"labels":[{"name":"severity","value":"normal"},{"name":"tag","value":"smoke"},{"name":"feature","value":"login functionality"},{"name":"framework","value":"behave"},{"name":"language","value":"cpython3"},{"name":"resultFormat","value":"allure2"}],"parameters":[],"links":[],"hidden":true,"retry":true,"extra":{"categories":[],"tags":["smoke"]},"source":"20c56ec4646526ca.json","parameterValues":[]}