{"uid":"bacb8046a542e18c","name":"User logs in with valid credentials","fullName":"login functionality: User logs in with valid credentials","historyId":"92e0ff42c53e910eea45d3ad5eccc404","time":{"start":1728969377625,"stop":1728969408443,"duration":30818},"status":"broken","statusMessage":"selenium.common.exceptions.NoSuchElementException: Message: no such element: Unable to locate element: {\"method\":\"xpath\",\"selector\":\"//h4\"}\n  (Session info: chrome=129.0.6668.90)\nStacktrace:\n\tGetHandleVerifier [0x00EB5523+24195]\n\t(No symbol) [0x00E4AA04]\n\t(No symbol) [0x00D42093]\n\t(No symbol) [0x00D86ED2]\n\t(No symbol) [0x00D8711B]\n\t(No symbol) [0x00DC76F2]\n\t(No symbol) [0x00DAAB84]\n\t(No symbol) [0x00DC5280]\n\t(No symbol) [0x00DAA8D6]\n\t(No symbol) [0x00D7BA27]\n\t(No symbol) [0x00D7C43D]\n\tGetHandleVerifier [0x0117CE13+2938739]\n\tGetHandleVerifier [0x011CEC69+3274185]\n\tGetHandleVerifier [0x00F409C2+594722]\n\tGetHandleVerifier [0x00F47EDC+624700]\n\t(No symbol) [0x00E537CD]\n\t(No symbol) [0x00E50528]\n\t(No symbol) [0x00E506C5]\n\t(No symbol) [0x00E42CA6]\n\tBaseThreadInitThunk [0x75EFFCC9+25]\n\tRtlGetAppContainerNamedObjectPath [0x77887C6E+286]\n\tRtlGetAppContainerNamedObjectPath [0x77887C3E+238]\n\n","statusTrace":"  File \"C:\\Python310\\lib\\site-packages\\behave\\model.py\", line 1329, in run\n    match.run(runner.context)\n  File \"C:\\Python310\\lib\\site-packages\\behave\\matchers.py\", line 98, in run\n    self.func(context, *args, **kwargs)\n  File \"features\\steps\\test_login.py\", line 43, in step_impl\n    assert \"Dashboard\" == context.driver.find_element(By.XPATH, \"//h4\").text\n  File \"C:\\Python310\\lib\\site-packages\\selenium\\webdriver\\remote\\webdriver.py\", line 856, in find_element\n    return self.execute(Command.FIND_ELEMENT, {\n  File \"C:\\Python310\\lib\\site-packages\\selenium\\webdriver\\remote\\webdriver.py\", line 434, in execute\n    self.error_handler.check_response(response)\n  File \"C:\\Python310\\lib\\site-packages\\selenium\\webdriver\\remote\\errorhandler.py\", line 243, in check_response\n    raise exception_class(message, screen, stacktrace)\n","flaky":false,"newFailed":false,"newBroken":false,"newPassed":false,"retriesCount":0,"retriesStatusChange":false,"beforeStages":[],"testStage":{"status":"broken","statusMessage":"selenium.common.exceptions.NoSuchElementException: Message: no such element: Unable to locate element: {\"method\":\"xpath\",\"selector\":\"//h4\"}\n  (Session info: chrome=129.0.6668.90)\nStacktrace:\n\tGetHandleVerifier [0x00EB5523+24195]\n\t(No symbol) [0x00E4AA04]\n\t(No symbol) [0x00D42093]\n\t(No symbol) [0x00D86ED2]\n\t(No symbol) [0x00D8711B]\n\t(No symbol) [0x00DC76F2]\n\t(No symbol) [0x00DAAB84]\n\t(No symbol) [0x00DC5280]\n\t(No symbol) [0x00DAA8D6]\n\t(No symbol) [0x00D7BA27]\n\t(No symbol) [0x00D7C43D]\n\tGetHandleVerifier [0x0117CE13+2938739]\n\tGetHandleVerifier [0x011CEC69+3274185]\n\tGetHandleVerifier [0x00F409C2+594722]\n\tGetHandleVerifier [0x00F47EDC+624700]\n\t(No symbol) [0x00E537CD]\n\t(No symbol) [0x00E50528]\n\t(No symbol) [0x00E506C5]\n\t(No symbol) [0x00E42CA6]\n\tBaseThreadInitThunk [0x75EFFCC9+25]\n\tRtlGetAppContainerNamedObjectPath [0x77887C6E+286]\n\tRtlGetAppContainerNamedObjectPath [0x77887C3E+238]\n\n","statusTrace":"  File \"C:\\Python310\\lib\\site-packages\\behave\\model.py\", line 1329, in run\n    match.run(runner.context)\n  File \"C:\\Python310\\lib\\site-packages\\behave\\matchers.py\", line 98, in run\n    self.func(context, *args, **kwargs)\n  File \"features\\steps\\test_login.py\", line 43, in step_impl\n    assert \"Dashboard\" == context.driver.find_element(By.XPATH, \"//h4\").text\n  File \"C:\\Python310\\lib\\site-packages\\selenium\\webdriver\\remote\\webdriver.py\", line 856, in find_element\n    return self.execute(Command.FIND_ELEMENT, {\n  File \"C:\\Python310\\lib\\site-packages\\selenium\\webdriver\\remote\\webdriver.py\", line 434, in execute\n    self.error_handler.check_response(response)\n  File \"C:\\Python310\\lib\\site-packages\\selenium\\webdriver\\remote\\errorhandler.py\", line 243, in check_response\n    raise exception_class(message, screen, stacktrace)\n","steps":[{"name":"Given the user is on the login page","time":{"start":1728969377626,"stop":1728969384769,"duration":7143},"status":"passed","steps":[{"name":"Given the user is on the login page","time":{"start":1728969377626,"stop":1728969384769,"duration":7143},"status":"passed","steps":[],"attachments":[{"uid":"f7a32a5e501637bd","name":"ad883a6c-18c1-4e00-bc49-d30329c60077-attachment.attach","source":"f7a32a5e501637bd.attach","type":"text/plain","size":12},{"uid":"80e5f2a0b123d6c2","name":"78230ceb-c548-4c5b-b722-1cfe39602283-attachment.attach","source":"80e5f2a0b123d6c2.attach","type":"text/plain","size":12}],"parameters":[],"attachmentsCount":2,"shouldDisplayMessage":false,"hasContent":true,"stepsCount":0,"attachmentStep":false}],"attachments":[],"parameters":[],"attachmentsCount":2,"shouldDisplayMessage":false,"hasContent":true,"stepsCount":1,"attachmentStep":false},{"name":"When the username is entered","time":{"start":1728969384769,"stop":1728969387838,"duration":3069},"status":"passed","steps":[{"name":"When the username is entered","time":{"start":1728969384769,"stop":1728969387838,"duration":3069},"status":"passed","steps":[],"attachments":[{"uid":"bc9467dd2c9b613d","name":"914e1d38-7b44-4709-bf33-103b221983cd-attachment.attach","source":"bc9467dd2c9b613d.attach","type":"text/plain","size":12},{"uid":"35a4beff7c8b41a6","name":"ea3870cc-d5e8-4671-a7ae-4737dc48952a-attachment.attach","source":"35a4beff7c8b41a6.attach","type":"text/plain","size":12}],"parameters":[],"attachmentsCount":2,"shouldDisplayMessage":false,"hasContent":true,"stepsCount":0,"attachmentStep":false}],"attachments":[],"parameters":[],"attachmentsCount":2,"shouldDisplayMessage":false,"hasContent":true,"stepsCount":1,"attachmentStep":false},{"name":"And the password is entered","time":{"start":1728969387838,"stop":1728969390919,"duration":3081},"status":"passed","steps":[{"name":"And the password is entered","time":{"start":1728969387838,"stop":1728969390919,"duration":3081},"status":"passed","steps":[],"attachments":[],"parameters":[],"attachmentsCount":0,"shouldDisplayMessage":false,"hasContent":false,"stepsCount":0,"attachmentStep":false}],"attachments":[],"parameters":[],"attachmentsCount":0,"shouldDisplayMessage":false,"hasContent":true,"stepsCount":1,"attachmentStep":false},{"name":"And the login button is clicked","time":{"start":1728969390919,"stop":1728969395371,"duration":4452},"status":"passed","steps":[{"name":"And the login button is clicked","time":{"start":1728969390919,"stop":1728969395371,"duration":4452},"status":"passed","steps":[],"attachments":[{"uid":"5648550f0ded66b3","name":"screenshot","source":"5648550f0ded66b3.png","type":"image/png","size":6501},{"uid":"5854c0e3ccbc0ed5","name":"screenshot","source":"5854c0e3ccbc0ed5.png","type":"image/png","size":6501}],"parameters":[],"attachmentsCount":2,"shouldDisplayMessage":false,"hasContent":true,"stepsCount":0,"attachmentStep":false}],"attachments":[],"parameters":[],"attachmentsCount":2,"shouldDisplayMessage":false,"hasContent":true,"stepsCount":1,"attachmentStep":false},{"name":"Then the dashboard page is displayed","time":{"start":1728969395371,"stop":1728969408439,"duration":13068},"status":"broken","statusMessage":"selenium.common.exceptions.NoSuchElementException: Message: no such element: Unable to locate element: {\"method\":\"xpath\",\"selector\":\"//h4\"}\n  (Session info: chrome=129.0.6668.90)\nStacktrace:\n\tGetHandleVerifier [0x00EB5523+24195]\n\t(No symbol) [0x00E4AA04]\n\t(No symbol) [0x00D42093]\n\t(No symbol) [0x00D86ED2]\n\t(No symbol) [0x00D8711B]\n\t(No symbol) [0x00DC76F2]\n\t(No symbol) [0x00DAAB84]\n\t(No symbol) [0x00DC5280]\n\t(No symbol) [0x00DAA8D6]\n\t(No symbol) [0x00D7BA27]\n\t(No symbol) [0x00D7C43D]\n\tGetHandleVerifier [0x0117CE13+2938739]\n\tGetHandleVerifier [0x011CEC69+3274185]\n\tGetHandleVerifier [0x00F409C2+594722]\n\tGetHandleVerifier [0x00F47EDC+624700]\n\t(No symbol) [0x00E537CD]\n\t(No symbol) [0x00E50528]\n\t(No symbol) [0x00E506C5]\n\t(No symbol) [0x00E42CA6]\n\tBaseThreadInitThunk [0x75EFFCC9+25]\n\tRtlGetAppContainerNamedObjectPath [0x77887C6E+286]\n\tRtlGetAppContainerNamedObjectPath [0x77887C3E+238]\n\n","statusTrace":"  File \"C:\\Python310\\lib\\site-packages\\behave\\model.py\", line 1329, in run\n    match.run(runner.context)\n  File \"C:\\Python310\\lib\\site-packages\\behave\\matchers.py\", line 98, in run\n    self.func(context, *args, **kwargs)\n  File \"features\\steps\\test_login.py\", line 43, in step_impl\n    assert \"Dashboard\" == context.driver.find_element(By.XPATH, \"//h4\").text\n  File \"C:\\Python310\\lib\\site-packages\\selenium\\webdriver\\remote\\webdriver.py\", line 856, in find_element\n    return self.execute(Command.FIND_ELEMENT, {\n  File \"C:\\Python310\\lib\\site-packages\\selenium\\webdriver\\remote\\webdriver.py\", line 434, in execute\n    self.error_handler.check_response(response)\n  File \"C:\\Python310\\lib\\site-packages\\selenium\\webdriver\\remote\\errorhandler.py\", line 243, in check_response\n    raise exception_class(message, screen, stacktrace)\n","steps":[{"name":"Then the dashboard page is displayed","time":{"start":1728969395371,"stop":1728969408439,"duration":13068},"status":"broken","statusMessage":"selenium.common.exceptions.NoSuchElementException: Message: no such element: Unable to locate element: {\"method\":\"xpath\",\"selector\":\"//h4\"}\n  (Session info: chrome=129.0.6668.90)\nStacktrace:\n\tGetHandleVerifier [0x00EB5523+24195]\n\t(No symbol) [0x00E4AA04]\n\t(No symbol) [0x00D42093]\n\t(No symbol) [0x00D86ED2]\n\t(No symbol) [0x00D8711B]\n\t(No symbol) [0x00DC76F2]\n\t(No symbol) [0x00DAAB84]\n\t(No symbol) [0x00DC5280]\n\t(No symbol) [0x00DAA8D6]\n\t(No symbol) [0x00D7BA27]\n\t(No symbol) [0x00D7C43D]\n\tGetHandleVerifier [0x0117CE13+2938739]\n\tGetHandleVerifier [0x011CEC69+3274185]\n\tGetHandleVerifier [0x00F409C2+594722]\n\tGetHandleVerifier [0x00F47EDC+624700]\n\t(No symbol) [0x00E537CD]\n\t(No symbol) [0x00E50528]\n\t(No symbol) [0x00E506C5]\n\t(No symbol) [0x00E42CA6]\n\tBaseThreadInitThunk [0x75EFFCC9+25]\n\tRtlGetAppContainerNamedObjectPath [0x77887C6E+286]\n\tRtlGetAppContainerNamedObjectPath [0x77887C3E+238]\n\n","statusTrace":"  File \"C:\\Python310\\lib\\site-packages\\behave\\model.py\", line 1329, in run\n    match.run(runner.context)\n  File \"C:\\Python310\\lib\\site-packages\\behave\\matchers.py\", line 98, in run\n    self.func(context, *args, **kwargs)\n  File \"features\\steps\\test_login.py\", line 43, in step_impl\n    assert \"Dashboard\" == context.driver.find_element(By.XPATH, \"//h4\").text\n  File \"C:\\Python310\\lib\\site-packages\\selenium\\webdriver\\remote\\webdriver.py\", line 856, in find_element\n    return self.execute(Command.FIND_ELEMENT, {\n  File \"C:\\Python310\\lib\\site-packages\\selenium\\webdriver\\remote\\webdriver.py\", line 434, in execute\n    self.error_handler.check_response(response)\n  File \"C:\\Python310\\lib\\site-packages\\selenium\\webdriver\\remote\\errorhandler.py\", line 243, in check_response\n    raise exception_class(message, screen, stacktrace)\n","steps":[],"attachments":[],"parameters":[],"attachmentsCount":0,"shouldDisplayMessage":true,"hasContent":true,"stepsCount":0,"attachmentStep":false}],"attachments":[],"parameters":[],"attachmentsCount":0,"shouldDisplayMessage":false,"hasContent":true,"stepsCount":1,"attachmentStep":false}],"attachments":[],"parameters":[],"attachmentsCount":6,"shouldDisplayMessage":false,"hasContent":true,"stepsCount":10,"attachmentStep":false},"afterStages":[],"labels":[{"name":"severity","value":"normal"},{"name":"tag","value":"smoke"},{"name":"feature","value":"login functionality"},{"name":"framework","value":"behave"},{"name":"language","value":"cpython3"},{"name":"resultFormat","value":"allure2"}],"parameters":[],"links":[],"hidden":true,"retry":true,"extra":{"categories":[],"tags":["smoke"]},"source":"bacb8046a542e18c.json","parameterValues":[]}