{"name": "User logs in with valid credentials", "status": "broken", "statusDetails": {"message": "selenium.common.exceptions.NoSuchElementException: Message: no such element: Unable to locate element: {\"method\":\"xpath\",\"selector\":\"//h4\"}\n  (Session info: chrome=129.0.6668.90)\nStacktrace:\n\tGetHandleVerifier [0x00EB5523+24195]\n\t(No symbol) [0x00E4AA04]\n\t(No symbol) [0x00D42093]\n\t(No symbol) [0x00D86ED2]\n\t(No symbol) [0x00D8711B]\n\t(No symbol) [0x00DC76F2]\n\t(No symbol) [0x00DAAB84]\n\t(No symbol) [0x00DC5280]\n\t(No symbol) [0x00DAA8D6]\n\t(No symbol) [0x00D7BA27]\n\t(No symbol) [0x00D7C43D]\n\tGetHandleVerifier [0x0117CE13+2938739]\n\tGetHandleVerifier [0x011CEC69+3274185]\n\tGetHandleVerifier [0x00F409C2+594722]\n\tGetHandleVerifier [0x00F47EDC+624700]\n\t(No symbol) [0x00E537CD]\n\t(No symbol) [0x00E50528]\n\t(No symbol) [0x00E506C5]\n\t(No symbol) [0x00E42CA6]\n\tBaseThreadInitThunk [0x75EFFCC9+25]\n\tRtlGetAppContainerNamedObjectPath [0x77887C6E+286]\n\tRtlGetAppContainerNamedObjectPath [0x77887C3E+238]\n\n", "trace": "  File \"C:\\Python310\\lib\\site-packages\\behave\\model.py\", line 1329, in run\n    match.run(runner.context)\n  File \"C:\\Python310\\lib\\site-packages\\behave\\matchers.py\", line 98, in run\n    self.func(context, *args, **kwargs)\n  File \"features\\steps\\test_login.py\", line 43, in step_impl\n    assert \"Dashboard\" == context.driver.find_element(By.XPATH, \"//h4\").text\n  File \"C:\\Python310\\lib\\site-packages\\selenium\\webdriver\\remote\\webdriver.py\", line 856, in find_element\n    return self.execute(Command.FIND_ELEMENT, {\n  File \"C:\\Python310\\lib\\site-packages\\selenium\\webdriver\\remote\\webdriver.py\", line 434, in execute\n    self.error_handler.check_response(response)\n  File \"C:\\Python310\\lib\\site-packages\\selenium\\webdriver\\remote\\errorhandler.py\", line 243, in check_response\n    raise exception_class(message, screen, stacktrace)\n"}, "steps": [{"name": "Given the user is on the login page", "status": "passed", "steps": [{"name": "Given the user is on the login page", "status": "passed", "attachments": [{"source": "35554c18-a148-4437-a5cd-0a18b58962b4-attachment.attach"}, {"source": "ff890529-3bb6-4ddb-9b26-24c37605346c-attachment.attach"}], "start": 1728969443841, "stop": 1728969451019}], "start": 1728969443841, "stop": 1728969451019}, {"name": "When the username is entered", "status": "passed", "steps": [{"name": "When the username is entered", "status": "passed", "attachments": [{"source": "137e9799-8b21-4a66-a314-06338213b884-attachment.attach"}, {"source": "222b993e-bc27-407f-b112-58df71d4b539-attachment.attach"}], "start": 1728969451019, "stop": 1728969454106}], "start": 1728969451019, "stop": 1728969454106}, {"name": "And the password is entered", "status": "passed", "steps": [{"name": "And the password is entered", "status": "passed", "start": 1728969454106, "stop": 1728969457189}], "start": 1728969454106, "stop": 1728969457189}, {"name": "And the login button is clicked", "status": "passed", "steps": [{"name": "And the login button is clicked", "status": "passed", "attachments": [{"name": "screenshot", "source": "9d317234-7633-415d-9f18-06200df1ff9b-attachment.png", "type": "image/png"}, {"name": "screenshot", "source": "30405401-ea35-4cf2-b5ea-4e491c57d74e-attachment.png", "type": "image/png"}], "start": 1728969457189, "stop": 1728969461674}], "start": 1728969457189, "stop": 1728969461674}, {"name": "Then the dashboard page is displayed", "status": "broken", "statusDetails": {"message": "selenium.common.exceptions.NoSuchElementException: Message: no such element: Unable to locate element: {\"method\":\"xpath\",\"selector\":\"//h4\"}\n  (Session info: chrome=129.0.6668.90)\nStacktrace:\n\tGetHandleVerifier [0x00EB5523+24195]\n\t(No symbol) [0x00E4AA04]\n\t(No symbol) [0x00D42093]\n\t(No symbol) [0x00D86ED2]\n\t(No symbol) [0x00D8711B]\n\t(No symbol) [0x00DC76F2]\n\t(No symbol) [0x00DAAB84]\n\t(No symbol) [0x00DC5280]\n\t(No symbol) [0x00DAA8D6]\n\t(No symbol) [0x00D7BA27]\n\t(No symbol) [0x00D7C43D]\n\tGetHandleVerifier [0x0117CE13+2938739]\n\tGetHandleVerifier [0x011CEC69+3274185]\n\tGetHandleVerifier [0x00F409C2+594722]\n\tGetHandleVerifier [0x00F47EDC+624700]\n\t(No symbol) [0x00E537CD]\n\t(No symbol) [0x00E50528]\n\t(No symbol) [0x00E506C5]\n\t(No symbol) [0x00E42CA6]\n\tBaseThreadInitThunk [0x75EFFCC9+25]\n\tRtlGetAppContainerNamedObjectPath [0x77887C6E+286]\n\tRtlGetAppContainerNamedObjectPath [0x77887C3E+238]\n\n", "trace": "  File \"C:\\Python310\\lib\\site-packages\\behave\\model.py\", line 1329, in run\n    match.run(runner.context)\n  File \"C:\\Python310\\lib\\site-packages\\behave\\matchers.py\", line 98, in run\n    self.func(context, *args, **kwargs)\n  File \"features\\steps\\test_login.py\", line 43, in step_impl\n    assert \"Dashboard\" == context.driver.find_element(By.XPATH, \"//h4\").text\n  File \"C:\\Python310\\lib\\site-packages\\selenium\\webdriver\\remote\\webdriver.py\", line 856, in find_element\n    return self.execute(Command.FIND_ELEMENT, {\n  File \"C:\\Python310\\lib\\site-packages\\selenium\\webdriver\\remote\\webdriver.py\", line 434, in execute\n    self.error_handler.check_response(response)\n  File \"C:\\Python310\\lib\\site-packages\\selenium\\webdriver\\remote\\errorhandler.py\", line 243, in check_response\n    raise exception_class(message, screen, stacktrace)\n"}, "steps": [{"name": "Then the dashboard page is displayed", "status": "broken", "statusDetails": {"message": "selenium.common.exceptions.NoSuchElementException: Message: no such element: Unable to locate element: {\"method\":\"xpath\",\"selector\":\"//h4\"}\n  (Session info: chrome=129.0.6668.90)\nStacktrace:\n\tGetHandleVerifier [0x00EB5523+24195]\n\t(No symbol) [0x00E4AA04]\n\t(No symbol) [0x00D42093]\n\t(No symbol) [0x00D86ED2]\n\t(No symbol) [0x00D8711B]\n\t(No symbol) [0x00DC76F2]\n\t(No symbol) [0x00DAAB84]\n\t(No symbol) [0x00DC5280]\n\t(No symbol) [0x00DAA8D6]\n\t(No symbol) [0x00D7BA27]\n\t(No symbol) [0x00D7C43D]\n\tGetHandleVerifier [0x0117CE13+2938739]\n\tGetHandleVerifier [0x011CEC69+3274185]\n\tGetHandleVerifier [0x00F409C2+594722]\n\tGetHandleVerifier [0x00F47EDC+624700]\n\t(No symbol) [0x00E537CD]\n\t(No symbol) [0x00E50528]\n\t(No symbol) [0x00E506C5]\n\t(No symbol) [0x00E42CA6]\n\tBaseThreadInitThunk [0x75EFFCC9+25]\n\tRtlGetAppContainerNamedObjectPath [0x77887C6E+286]\n\tRtlGetAppContainerNamedObjectPath [0x77887C3E+238]\n\n", "trace": "  File \"C:\\Python310\\lib\\site-packages\\behave\\model.py\", line 1329, in run\n    match.run(runner.context)\n  File \"C:\\Python310\\lib\\site-packages\\behave\\matchers.py\", line 98, in run\n    self.func(context, *args, **kwargs)\n  File \"features\\steps\\test_login.py\", line 43, in step_impl\n    assert \"Dashboard\" == context.driver.find_element(By.XPATH, \"//h4\").text\n  File \"C:\\Python310\\lib\\site-packages\\selenium\\webdriver\\remote\\webdriver.py\", line 856, in find_element\n    return self.execute(Command.FIND_ELEMENT, {\n  File \"C:\\Python310\\lib\\site-packages\\selenium\\webdriver\\remote\\webdriver.py\", line 434, in execute\n    self.error_handler.check_response(response)\n  File \"C:\\Python310\\lib\\site-packages\\selenium\\webdriver\\remote\\errorhandler.py\", line 243, in check_response\n    raise exception_class(message, screen, stacktrace)\n"}, "start": 1728969461674, "stop": 1728969474749}], "start": 1728969461674, "stop": 1728969474748}], "start": 1728969443840, "stop": 1728969474766, "uuid": "923004a4-887f-4551-8c46-98d8a142c398", "historyId": "92e0ff42c53e910eea45d3ad5eccc404", "fullName": "login functionality: User logs in with valid credentials", "labels": [{"name": "severity", "value": "normal"}, {"name": "tag", "value": "smoke"}, {"name": "feature", "value": "login functionality"}, {"name": "framework", "value": "behave"}, {"name": "language", "value": "cpython3"}]}