{"name": "User logs in with valid credentials", "status": "broken", "statusDetails": {"message": "selenium.common.exceptions.NoSuchElementException: Message: no such element: Unable to locate element: {\"method\":\"xpath\",\"selector\":\"//h4\"}\n  (Session info: chrome=129.0.6668.90)\nStacktrace:\n\tGetHandleVerifier [0x00EB5523+24195]\n\t(No symbol) [0x00E4AA04]\n\t(No symbol) [0x00D42093]\n\t(No symbol) [0x00D86ED2]\n\t(No symbol) [0x00D8711B]\n\t(No symbol) [0x00DC76F2]\n\t(No symbol) [0x00DAAB84]\n\t(No symbol) [0x00DC5280]\n\t(No symbol) [0x00DAA8D6]\n\t(No symbol) [0x00D7BA27]\n\t(No symbol) [0x00D7C43D]\n\tGetHandleVerifier [0x0117CE13+2938739]\n\tGetHandleVerifier [0x011CEC69+3274185]\n\tGetHandleVerifier [0x00F409C2+594722]\n\tGetHandleVerifier [0x00F47EDC+624700]\n\t(No symbol) [0x00E537CD]\n\t(No symbol) [0x00E50528]\n\t(No symbol) [0x00E506C5]\n\t(No symbol) [0x00E42CA6]\n\tBaseThreadInitThunk [0x75EFFCC9+25]\n\tRtlGetAppContainerNamedObjectPath [0x77887C6E+286]\n\tRtlGetAppContainerNamedObjectPath [0x77887C3E+238]\n\n", "trace": "  File \"C:\\Python310\\lib\\site-packages\\behave\\model.py\", line 1329, in run\n    match.run(runner.context)\n  File \"C:\\Python310\\lib\\site-packages\\behave\\matchers.py\", line 98, in run\n    self.func(context, *args, **kwargs)\n  File \"features\\steps\\test_login.py\", line 43, in step_impl\n    assert \"Dashboard\" == context.driver.find_element(By.XPATH, \"//h4\").text\n  File \"C:\\Python310\\lib\\site-packages\\selenium\\webdriver\\remote\\webdriver.py\", line 856, in find_element\n    return self.execute(Command.FIND_ELEMENT, {\n  File \"C:\\Python310\\lib\\site-packages\\selenium\\webdriver\\remote\\webdriver.py\", line 434, in execute\n    self.error_handler.check_response(response)\n  File \"C:\\Python310\\lib\\site-packages\\selenium\\webdriver\\remote\\errorhandler.py\", line 243, in check_response\n    raise exception_class(message, screen, stacktrace)\n"}, "steps": [{"name": "Given the user is on the login page", "status": "passed", "steps": [{"name": "Given the user is on the login page", "status": "passed", "attachments": [{"source": "ad883a6c-18c1-4e00-bc49-d30329c60077-attachment.attach"}, {"source": "78230ceb-c548-4c5b-b722-1cfe39602283-attachment.attach"}], "start": 1728969377626, "stop": 1728969384769}], "start": 1728969377626, "stop": 1728969384769}, {"name": "When the username is entered", "status": "passed", "steps": [{"name": "When the username is entered", "status": "passed", "attachments": [{"source": "914e1d38-7b44-4709-bf33-103b221983cd-attachment.attach"}, {"source": "ea3870cc-d5e8-4671-a7ae-4737dc48952a-attachment.attach"}], "start": 1728969384769, "stop": 1728969387838}], "start": 1728969384769, "stop": 1728969387838}, {"name": "And the password is entered", "status": "passed", "steps": [{"name": "And the password is entered", "status": "passed", "start": 1728969387838, "stop": 1728969390919}], "start": 1728969387838, "stop": 1728969390919}, {"name": "And the login button is clicked", "status": "passed", "steps": [{"name": "And the login button is clicked", "status": "passed", "attachments": [{"name": "screenshot", "source": "a9c29bae-38c7-4f1a-8b90-8bafb87e5d5e-attachment.png", "type": "image/png"}, {"name": "screenshot", "source": "ae970a1b-f846-47c8-a5e3-5288a68e8482-attachment.png", "type": "image/png"}], "start": 1728969390919, "stop": 1728969395371}], "start": 1728969390919, "stop": 1728969395371}, {"name": "Then the dashboard page is displayed", "status": "broken", "statusDetails": {"message": "selenium.common.exceptions.NoSuchElementException: Message: no such element: Unable to locate element: {\"method\":\"xpath\",\"selector\":\"//h4\"}\n  (Session info: chrome=129.0.6668.90)\nStacktrace:\n\tGetHandleVerifier [0x00EB5523+24195]\n\t(No symbol) [0x00E4AA04]\n\t(No symbol) [0x00D42093]\n\t(No symbol) [0x00D86ED2]\n\t(No symbol) [0x00D8711B]\n\t(No symbol) [0x00DC76F2]\n\t(No symbol) [0x00DAAB84]\n\t(No symbol) [0x00DC5280]\n\t(No symbol) [0x00DAA8D6]\n\t(No symbol) [0x00D7BA27]\n\t(No symbol) [0x00D7C43D]\n\tGetHandleVerifier [0x0117CE13+2938739]\n\tGetHandleVerifier [0x011CEC69+3274185]\n\tGetHandleVerifier [0x00F409C2+594722]\n\tGetHandleVerifier [0x00F47EDC+624700]\n\t(No symbol) [0x00E537CD]\n\t(No symbol) [0x00E50528]\n\t(No symbol) [0x00E506C5]\n\t(No symbol) [0x00E42CA6]\n\tBaseThreadInitThunk [0x75EFFCC9+25]\n\tRtlGetAppContainerNamedObjectPath [0x77887C6E+286]\n\tRtlGetAppContainerNamedObjectPath [0x77887C3E+238]\n\n", "trace": "  File \"C:\\Python310\\lib\\site-packages\\behave\\model.py\", line 1329, in run\n    match.run(runner.context)\n  File \"C:\\Python310\\lib\\site-packages\\behave\\matchers.py\", line 98, in run\n    self.func(context, *args, **kwargs)\n  File \"features\\steps\\test_login.py\", line 43, in step_impl\n    assert \"Dashboard\" == context.driver.find_element(By.XPATH, \"//h4\").text\n  File \"C:\\Python310\\lib\\site-packages\\selenium\\webdriver\\remote\\webdriver.py\", line 856, in find_element\n    return self.execute(Command.FIND_ELEMENT, {\n  File \"C:\\Python310\\lib\\site-packages\\selenium\\webdriver\\remote\\webdriver.py\", line 434, in execute\n    self.error_handler.check_response(response)\n  File \"C:\\Python310\\lib\\site-packages\\selenium\\webdriver\\remote\\errorhandler.py\", line 243, in check_response\n    raise exception_class(message, screen, stacktrace)\n"}, "steps": [{"name": "Then the dashboard page is displayed", "status": "broken", "statusDetails": {"message": "selenium.common.exceptions.NoSuchElementException: Message: no such element: Unable to locate element: {\"method\":\"xpath\",\"selector\":\"//h4\"}\n  (Session info: chrome=129.0.6668.90)\nStacktrace:\n\tGetHandleVerifier [0x00EB5523+24195]\n\t(No symbol) [0x00E4AA04]\n\t(No symbol) [0x00D42093]\n\t(No symbol) [0x00D86ED2]\n\t(No symbol) [0x00D8711B]\n\t(No symbol) [0x00DC76F2]\n\t(No symbol) [0x00DAAB84]\n\t(No symbol) [0x00DC5280]\n\t(No symbol) [0x00DAA8D6]\n\t(No symbol) [0x00D7BA27]\n\t(No symbol) [0x00D7C43D]\n\tGetHandleVerifier [0x0117CE13+2938739]\n\tGetHandleVerifier [0x011CEC69+3274185]\n\tGetHandleVerifier [0x00F409C2+594722]\n\tGetHandleVerifier [0x00F47EDC+624700]\n\t(No symbol) [0x00E537CD]\n\t(No symbol) [0x00E50528]\n\t(No symbol) [0x00E506C5]\n\t(No symbol) [0x00E42CA6]\n\tBaseThreadInitThunk [0x75EFFCC9+25]\n\tRtlGetAppContainerNamedObjectPath [0x77887C6E+286]\n\tRtlGetAppContainerNamedObjectPath [0x77887C3E+238]\n\n", "trace": "  File \"C:\\Python310\\lib\\site-packages\\behave\\model.py\", line 1329, in run\n    match.run(runner.context)\n  File \"C:\\Python310\\lib\\site-packages\\behave\\matchers.py\", line 98, in run\n    self.func(context, *args, **kwargs)\n  File \"features\\steps\\test_login.py\", line 43, in step_impl\n    assert \"Dashboard\" == context.driver.find_element(By.XPATH, \"//h4\").text\n  File \"C:\\Python310\\lib\\site-packages\\selenium\\webdriver\\remote\\webdriver.py\", line 856, in find_element\n    return self.execute(Command.FIND_ELEMENT, {\n  File \"C:\\Python310\\lib\\site-packages\\selenium\\webdriver\\remote\\webdriver.py\", line 434, in execute\n    self.error_handler.check_response(response)\n  File \"C:\\Python310\\lib\\site-packages\\selenium\\webdriver\\remote\\errorhandler.py\", line 243, in check_response\n    raise exception_class(message, screen, stacktrace)\n"}, "start": 1728969395371, "stop": 1728969408439}], "start": 1728969395371, "stop": 1728969408439}], "start": 1728969377625, "stop": 1728969408443, "uuid": "75c727b7-7aac-4bb7-85a7-5aba476b94b9", "historyId": "92e0ff42c53e910eea45d3ad5eccc404", "fullName": "login functionality: User logs in with valid credentials", "labels": [{"name": "severity", "value": "normal"}, {"name": "tag", "value": "smoke"}, {"name": "feature", "value": "login functionality"}, {"name": "framework", "value": "behave"}, {"name": "language", "value": "cpython3"}]}